Release 14.7 - xst P.20131013 (nt64)
Copyright (c) 1995-2013 Xilinx, Inc.  All rights reserved.
--> Parameter TMPDIR set to xst/projnav.tmp


Total REAL time to Xst completion: 0.00 secs
Total CPU time to Xst completion: 0.14 secs
 
--> Parameter xsthdpdir set to xst


Total REAL time to Xst completion: 0.00 secs
Total CPU time to Xst completion: 0.14 secs
 
--> Reading design: adder.prj

TABLE OF CONTENTS
  1) Synthesis Options Summary
  2) HDL Compilation
  3) Design Hierarchy Analysis
  4) HDL Analysis
  5) HDL Synthesis
     5.1) HDL Synthesis Report
  6) Advanced HDL Synthesis
     6.1) Advanced HDL Synthesis Report
  7) Low Level Synthesis
  8) Partition Report
  9) Final Report
	9.1) Device utilization summary
	9.2) Partition Resource Summary
	9.3) TIMING REPORT


=========================================================================
*                      Synthesis Options Summary                        *
=========================================================================
---- Source Parameters
Input File Name                    : "adder.prj"
Input Format                       : mixed
Ignore Synthesis Constraint File   : NO

---- Target Parameters
Output File Name                   : "adder"
Output Format                      : NGC
Target Device                      : xc3s100e-5-cp132

---- Source Options
Top Module Name                    : adder
Automatic FSM Extraction           : YES
FSM Encoding Algorithm             : Auto
Safe Implementation                : No
FSM Style                          : LUT
RAM Extraction                     : Yes
RAM Style                          : Auto
ROM Extraction                     : Yes
Mux Style                          : Auto
Decoder Extraction                 : YES
Priority Encoder Extraction        : Yes
Shift Register Extraction          : YES
Logical Shifter Extraction         : YES
XOR Collapsing                     : YES
ROM Style                          : Auto
Mux Extraction                     : Yes
Resource Sharing                   : YES
Asynchronous To Synchronous        : NO
Multiplier Style                   : Auto
Automatic Register Balancing       : No

---- Target Options
Add IO Buffers                     : YES
Global Maximum Fanout              : 100000
Add Generic Clock Buffer(BUFG)     : 24
Register Duplication               : YES
Slice Packing                      : YES
Optimize Instantiated Primitives   : NO
Use Clock Enable                   : Yes
Use Synchronous Set                : Yes
Use Synchronous Reset              : Yes
Pack IO Registers into IOBs        : Auto
Equivalent register Removal        : YES

---- General Options
Optimization Goal                  : Speed
Optimization Effort                : 1
Keep Hierarchy                     : No
Netlist Hierarchy                  : As_Optimized
RTL Output                         : Yes
Global Optimization                : AllClockNets
Read Cores                         : YES
Write Timing Constraints           : NO
Cross Clock Analysis               : NO
Hierarchy Separator                : /
Bus Delimiter                      : <>
Case Specifier                     : Maintain
Slice Utilization Ratio            : 100
BRAM Utilization Ratio             : 100
Verilog 2001                       : YES
Auto BRAM Packing                  : NO
Slice Utilization Ratio Delta      : 5

=========================================================================


=========================================================================
*                          HDL Compilation                              *
=========================================================================
Compiling verilog file "leddecoder.v" in library work
Compiling verilog file "bin2bcd.v" in library work
Module <leddecoder> compiled
Compiling verilog file "an_gen.v" in library work
Module <bin2bcd> compiled
Compiling verilog file "adder4bits.v" in library work
Module <an_gen> compiled
Compiling verilog file "adder.vf" in library work
Module <adder4bits> compiled
Module <adder> compiled
No errors in compilation
Analysis of file <"adder.prj"> succeeded.
 

=========================================================================
*                     Design Hierarchy Analysis                         *
=========================================================================
Analyzing hierarchy for module <adder> in library <work>.

Analyzing hierarchy for module <an_gen> in library <work>.

Analyzing hierarchy for module <adder4bits> in library <work>.

Analyzing hierarchy for module <bin2bcd> in library <work>.

Analyzing hierarchy for module <leddecoder> in library <work>.


=========================================================================
*                            HDL Analysis                               *
=========================================================================
Analyzing top module <adder>.
Module <adder> is correct for synthesis.
 
Analyzing module <an_gen> in library <work>.
Module <an_gen> is correct for synthesis.
 
Analyzing module <adder4bits> in library <work>.
Module <adder4bits> is correct for synthesis.
 
Analyzing module <bin2bcd> in library <work>.
Module <bin2bcd> is correct for synthesis.
 
Analyzing module <leddecoder> in library <work>.
WARNING:Xst:905 - "leddecoder.v" line 26: One or more signals are missing in the sensitivity list of always block. To enable synthesis of FPGA/CPLD hardware, XST will assume that all necessary signals are present in the sensitivity list. Please note that the result of the synthesis may differ from the initial design specification. The missing signals are:
   <an>, <seg0>, <seg1>
Module <leddecoder> is correct for synthesis.
 

=========================================================================
*                           HDL Synthesis                               *
=========================================================================

Performing bidirectional port resolution...

Synthesizing Unit <an_gen>.
    Related source file is "an_gen.v".
    Found 4-bit register for signal <an>.
    Found 17-bit up counter for signal <counter>.
    Summary:
	inferred   1 Counter(s).
	inferred   4 D-type flip-flop(s).
Unit <an_gen> synthesized.


Synthesizing Unit <adder4bits>.
    Related source file is "adder4bits.v".
WARNING:Xst:646 - Signal <p> is assigned but never used. This unconnected signal will be trimmed during the optimization process.
WARNING:Xst:646 - Signal <g> is assigned but never used. This unconnected signal will be trimmed during the optimization process.
WARNING:Xst:646 - Signal <c4> is assigned but never used. This unconnected signal will be trimmed during the optimization process.
WARNING:Xst:646 - Signal <c3> is assigned but never used. This unconnected signal will be trimmed during the optimization process.
WARNING:Xst:646 - Signal <c2> is assigned but never used. This unconnected signal will be trimmed during the optimization process.
WARNING:Xst:646 - Signal <c1> is assigned but never used. This unconnected signal will be trimmed during the optimization process.
WARNING:Xst:646 - Signal <c0> is assigned but never used. This unconnected signal will be trimmed during the optimization process.
WARNING:Xst:646 - Signal <c> is assigned but never used. This unconnected signal will be trimmed during the optimization process.
    Found 4-bit xor2 for signal <s$xor0000> created at line 37.
Unit <adder4bits> synthesized.


Synthesizing Unit <bin2bcd>.
    Related source file is "bin2bcd.v".
WARNING:Xst:646 - Signal <bcd> is assigned but never used. This unconnected signal will be trimmed during the optimization process.
    Found 4-bit adder for signal <$add0000> created at line 32.
    Found 4-bit adder for signal <$add0001> created at line 32.
    Found 4-bit comparator greatequal for signal <bcd$cmp_ge0000> created at line 31.
    Found 4-bit comparator greatequal for signal <bcd$cmp_ge0001> created at line 31.
    Summary:
	inferred   2 Adder/Subtractor(s).
	inferred   2 Comparator(s).
Unit <bin2bcd> synthesized.


Synthesizing Unit <leddecoder>.
    Related source file is "leddecoder.v".
WARNING:Xst:646 - Signal <seg1> is assigned but never used. This unconnected signal will be trimmed during the optimization process.
WARNING:Xst:646 - Signal <seg0> is assigned but never used. This unconnected signal will be trimmed during the optimization process.
    Found 16x7-bit ROM for signal <$old_seg0_7>.
    Found 16x7-bit ROM for signal <$old_seg1_8>.
    Summary:
	inferred   2 ROM(s).
Unit <leddecoder> synthesized.


Synthesizing Unit <adder>.
    Related source file is "adder.vf".
Unit <adder> synthesized.


=========================================================================
HDL Synthesis Report

Macro Statistics
# ROMs                                                 : 2
 16x7-bit ROM                                          : 2
# Adders/Subtractors                                   : 2
 4-bit adder                                           : 2
# Counters                                             : 1
 17-bit up counter                                     : 1
# Registers                                            : 4
 1-bit register                                        : 4
# Comparators                                          : 2
 4-bit comparator greatequal                           : 2
# Xors                                                 : 2
 4-bit xor2                                            : 2

=========================================================================

=========================================================================
*                       Advanced HDL Synthesis                          *
=========================================================================


=========================================================================
Advanced HDL Synthesis Report

Macro Statistics
# ROMs                                                 : 2
 16x7-bit ROM                                          : 2
# Adders/Subtractors                                   : 2
 4-bit adder                                           : 2
# Counters                                             : 1
 17-bit up counter                                     : 1
# Registers                                            : 4
 Flip-Flops                                            : 4
# Comparators                                          : 2
 4-bit comparator greatequal                           : 2
# Xors                                                 : 2
 4-bit xor2                                            : 2

=========================================================================

=========================================================================
*                         Low Level Synthesis                           *
=========================================================================

Optimizing unit <adder> ...

Optimizing unit <bin2bcd> ...

Mapping all equations...
Building and optimizing final netlist ...
Found area constraint ratio of 100 (+ 5) on block adder, actual ratio is 2.

Final Macro Processing ...

=========================================================================
Final Register Report

Macro Statistics
# Registers                                            : 21
 Flip-Flops                                            : 21

=========================================================================

=========================================================================
*                           Partition Report                            *
=========================================================================

Partition Implementation Status
-------------------------------

  No Partitions were found in this design.

-------------------------------

=========================================================================
*                            Final Report                               *
=========================================================================
Final Results
RTL Top Level Output File Name     : adder.ngr
Top Level Output File Name         : adder
Output Format                      : NGC
Optimization Goal                  : Speed
Keep Hierarchy                     : No

Design Statistics
# IOs                              : 22

Cell Usage :
# BELS                             : 84
#      GND                         : 1
#      INV                         : 1
#      LUT1                        : 16
#      LUT2                        : 3
#      LUT3                        : 8
#      LUT4                        : 14
#      MUXCY                       : 16
#      MUXF5                       : 7
#      VCC                         : 1
#      XORCY                       : 17
# FlipFlops/Latches                : 21
#      FD                          : 17
#      FDC                         : 1
#      FDP                         : 3
# Clock Buffers                    : 1
#      BUFGP                       : 1
# IO Buffers                       : 21
#      IBUF                        : 9
#      OBUF                        : 12
=========================================================================

Device utilization summary:
---------------------------

Selected Device : 3s100ecp132-5 

 Number of Slices:                       23  out of    960     2%  
 Number of Slice Flip Flops:             21  out of   1920     1%  
 Number of 4 input LUTs:                 42  out of   1920     2%  
 Number of IOs:                          22
 Number of bonded IOBs:                  22  out of     83    26%  
 Number of GCLKs:                         1  out of     24     4%  

---------------------------
Partition Resource Summary:
---------------------------

  No Partitions were found in this design.

---------------------------


=========================================================================
TIMING REPORT

NOTE: THESE TIMING NUMBERS ARE ONLY A SYNTHESIS ESTIMATE.
      FOR ACCURATE TIMING INFORMATION PLEASE REFER TO THE TRACE REPORT
      GENERATED AFTER PLACE-and-ROUTE.

Clock Information:
------------------
-----------------------------------+------------------------+-------+
Clock Signal                       | Clock buffer(FF name)  | Load  |
-----------------------------------+------------------------+-------+
XLXI_5/counter_16                  | NONE(XLXI_5/an_3)      | 4     |
mclk                               | BUFGP                  | 17    |
-----------------------------------+------------------------+-------+
INFO:Xst:2169 - HDL ADVISOR - Some clock signals were not automatically buffered by XST with BUFG/BUFR resources. Please use the buffer_type constraint in order to insert these buffers to the clock signals to help prevent skew problems.

Asynchronous Control Signals Information:
----------------------------------------
-----------------------------------+------------------------+-------+
Control Signal                     | Buffer(FF name)        | Load  |
-----------------------------------+------------------------+-------+
btn0                               | IBUF                   | 4     |
-----------------------------------+------------------------+-------+

Timing Summary:
---------------
Speed Grade: -5

   Minimum period: 3.727ns (Maximum Frequency: 268.312MHz)
   Minimum input arrival time before clock: No path found
   Maximum output required time after clock: 5.779ns
   Maximum combinational path delay: 10.837ns

Timing Detail:
--------------
All values displayed in nanoseconds (ns)

=========================================================================
Timing constraint: Default period analysis for Clock 'XLXI_5/counter_16'
  Clock period: 1.479ns (frequency: 676.133MHz)
  Total number of paths / destination ports: 4 / 4
-------------------------------------------------------------------------
Delay:               1.479ns (Levels of Logic = 0)
  Source:            XLXI_5/an_1 (FF)
  Destination:       XLXI_5/an_2 (FF)
  Source Clock:      XLXI_5/counter_16 rising
  Destination Clock: XLXI_5/counter_16 rising

  Data Path: XLXI_5/an_1 to XLXI_5/an_2
                                Gate     Net
    Cell:in->out      fanout   Delay   Delay  Logical Name (Net Name)
    ----------------------------------------  ------------
     FDP:C->Q              9   0.514   0.697  XLXI_5/an_1 (XLXI_5/an_1)
     FDP:D                     0.268          XLXI_5/an_2
    ----------------------------------------
    Total                      1.479ns (0.782ns logic, 0.697ns route)
                                       (52.9% logic, 47.1% route)

=========================================================================
Timing constraint: Default period analysis for Clock 'mclk'
  Clock period: 3.727ns (frequency: 268.312MHz)
  Total number of paths / destination ports: 153 / 17
-------------------------------------------------------------------------
Delay:               3.727ns (Levels of Logic = 17)
  Source:            XLXI_5/counter_1 (FF)
  Destination:       XLXI_5/counter_16 (FF)
  Source Clock:      mclk rising
  Destination Clock: mclk rising

  Data Path: XLXI_5/counter_1 to XLXI_5/counter_16
                                Gate     Net
    Cell:in->out      fanout   Delay   Delay  Logical Name (Net Name)
    ----------------------------------------  ------------
     FD:C->Q               1   0.514   0.509  XLXI_5/counter_1 (XLXI_5/counter_1)
     LUT1:I0->O            1   0.612   0.000  XLXI_5/Mcount_counter_cy<1>_rt (XLXI_5/Mcount_counter_cy<1>_rt)
     MUXCY:S->O            1   0.404   0.000  XLXI_5/Mcount_counter_cy<1> (XLXI_5/Mcount_counter_cy<1>)
     MUXCY:CI->O           1   0.051   0.000  XLXI_5/Mcount_counter_cy<2> (XLXI_5/Mcount_counter_cy<2>)
     MUXCY:CI->O           1   0.051   0.000  XLXI_5/Mcount_counter_cy<3> (XLXI_5/Mcount_counter_cy<3>)
     MUXCY:CI->O           1   0.051   0.000  XLXI_5/Mcount_counter_cy<4> (XLXI_5/Mcount_counter_cy<4>)
     MUXCY:CI->O           1   0.051   0.000  XLXI_5/Mcount_counter_cy<5> (XLXI_5/Mcount_counter_cy<5>)
     MUXCY:CI->O           1   0.051   0.000  XLXI_5/Mcount_counter_cy<6> (XLXI_5/Mcount_counter_cy<6>)
     MUXCY:CI->O           1   0.051   0.000  XLXI_5/Mcount_counter_cy<7> (XLXI_5/Mcount_counter_cy<7>)
     MUXCY:CI->O           1   0.051   0.000  XLXI_5/Mcount_counter_cy<8> (XLXI_5/Mcount_counter_cy<8>)
     MUXCY:CI->O           1   0.051   0.000  XLXI_5/Mcount_counter_cy<9> (XLXI_5/Mcount_counter_cy<9>)
     MUXCY:CI->O           1   0.051   0.000  XLXI_5/Mcount_counter_cy<10> (XLXI_5/Mcount_counter_cy<10>)
     MUXCY:CI->O           1   0.051   0.000  XLXI_5/Mcount_counter_cy<11> (XLXI_5/Mcount_counter_cy<11>)
     MUXCY:CI->O           1   0.051   0.000  XLXI_5/Mcount_counter_cy<12> (XLXI_5/Mcount_counter_cy<12>)
     MUXCY:CI->O           1   0.051   0.000  XLXI_5/Mcount_counter_cy<13> (XLXI_5/Mcount_counter_cy<13>)
     MUXCY:CI->O           1   0.051   0.000  XLXI_5/Mcount_counter_cy<14> (XLXI_5/Mcount_counter_cy<14>)
     MUXCY:CI->O           0   0.051   0.000  XLXI_5/Mcount_counter_cy<15> (XLXI_5/Mcount_counter_cy<15>)
     XORCY:CI->O           1   0.699   0.000  XLXI_5/Mcount_counter_xor<16> (Result<16>)
     FD:D                      0.268          XLXI_5/counter_16
    ----------------------------------------
    Total                      3.727ns (3.218ns logic, 0.509ns route)
                                       (86.3% logic, 13.7% route)

=========================================================================
Timing constraint: Default OFFSET OUT AFTER for Clock 'XLXI_5/counter_16'
  Total number of paths / destination ports: 18 / 11
-------------------------------------------------------------------------
Offset:              5.779ns (Levels of Logic = 3)
  Source:            XLXI_5/an_1 (FF)
  Destination:       seg<4> (PAD)
  Source Clock:      XLXI_5/counter_16 rising

  Data Path: XLXI_5/an_1 to seg<4>
                                Gate     Net
    Cell:in->out      fanout   Delay   Delay  Logical Name (Net Name)
    ----------------------------------------  ------------
     FDP:C->Q              9   0.514   0.849  XLXI_5/an_1 (XLXI_5/an_1)
     LUT2:I0->O            1   0.612   0.000  XLXI_11/led<4>501 (XLXI_11/led<4>50)
     MUXF5:I1->O           1   0.278   0.357  XLXI_11/led<4>50_f5 (seg_4_OBUF)
     OBUF:I->O                 3.169          seg_4_OBUF (seg<4>)
    ----------------------------------------
    Total                      5.779ns (4.573ns logic, 1.206ns route)
                                       (79.1% logic, 20.9% route)

=========================================================================
Timing constraint: Default path analysis
  Total number of paths / destination ports: 760 / 7
-------------------------------------------------------------------------
Delay:               10.837ns (Levels of Logic = 8)
  Source:            sw<1> (PAD)
  Destination:       seg<6> (PAD)

  Data Path: sw<1> to seg<6>
                                Gate     Net
    Cell:in->out      fanout   Delay   Delay  Logical Name (Net Name)
    ----------------------------------------  ------------
     IBUF:I->O             2   1.106   0.532  sw_1_IBUF (sw_1_IBUF)
     LUT4:I0->O            2   0.612   0.410  XLXI_7/_old_c2_41 (XLXI_7/_old_c2_4)
     LUT3:I2->O            3   0.612   0.520  XLXI_7/_old_c3_31 (XLXI_7/_old_c3_3)
     LUT3:I1->O            4   0.612   0.651  XLXI_7/Mxor_s_xor0000_Result<3>1 (XLXN_5<3>)
     LUT4:I0->O            7   0.612   0.754  XLXI_8/bcd_mux00071 (XLXN_3<1>)
     LUT4:I0->O            1   0.612   0.000  XLXI_11/led<1>631 (XLXI_11/led<1>63)
     MUXF5:I0->O           1   0.278   0.357  XLXI_11/led<1>63_f5 (seg_1_OBUF)
     OBUF:I->O                 3.169          seg_1_OBUF (seg<1>)
    ----------------------------------------
    Total                     10.837ns (7.613ns logic, 3.224ns route)
                                       (70.3% logic, 29.7% route)

=========================================================================


Total REAL time to Xst completion: 6.00 secs
Total CPU time to Xst completion: 5.92 secs
 
--> 

Total memory usage is 305932 kilobytes

Number of errors   :    0 (   0 filtered)
Number of warnings :   12 (   0 filtered)
Number of infos    :    1 (   0 filtered)

