#-----------------------------------------------------------
# PlanAhead v14.7 (64-bit)
# Build 321239 by xbuild on Fri Sep 27 19:29:51 MDT 2013
# Start of session at: Tue Jun 13 16:25:40 2017
# Process ID: 12652
# Log file: D:/Xilinx/lab4/planAhead_run_2/planAhead.log
# Journal file: D:/Xilinx/lab4/planAhead_run_2/planAhead.jou
#-----------------------------------------------------------
INFO: [Common 17-78] Attempting to get a license: PlanAhead
INFO: [Common 17-290] Got license for PlanAhead
INFO: [Device 21-36] Loading parts and site information from D:/Xilinx/14.7/ISE_DS/PlanAhead/data/parts/arch.xml
Parsing RTL primitives file [D:/Xilinx/14.7/ISE_DS/PlanAhead/data/parts/xilinx/rtl/prims/rtl_prims.xml]
Finished parsing RTL primitives file [D:/Xilinx/14.7/ISE_DS/PlanAhead/data/parts/xilinx/rtl/prims/rtl_prims.xml]
start_gui
source D:/Xilinx/lab4/pa.fromNetlist.tcl
# create_project -name lab4 -dir "D:/Xilinx/lab4/planAhead_run_2" -part xc3s100ecp132-5
ERROR: [Common 17-53] User Exception: Project already exists on disk, please use '-force' option to overwrite: 
     D:/Xilinx/lab4/planAhead_run_2/lab4.ppr
     D:/Xilinx/lab4/planAhead_run_2/lab4.data

    while executing
"create_project -name lab4 -dir "D:/Xilinx/lab4/planAhead_run_2" -part xc3s100ecp132-5"
    (file "D:/Xilinx/lab4/pa.fromNetlist.tcl" line 4)
exit
INFO: [Common 17-206] Exiting PlanAhead at Tue Jun 13 16:26:08 2017...
INFO: [Common 17-83] Releasing license: PlanAhead
